<?xml version="1.0" encoding="UTF-8"?>
<testsuite xmlns:xsi="http://www.w3.org/2001/XMLSchema-instance" xsi:noNamespaceSchemaLocation="https://maven.apache.org/surefire/maven-surefire-plugin/xsd/surefire-test-report.xsd" name="com.sg.jdbctcomplexexample.dao.RoomDaoDBTest" time="4.093" tests="6" errors="0" skipped="0" failures="0">
  <properties>
[...]
</properties>
  <testcase name="testAddRoom" classname="com.sg.jdbctcomplexexample.dao.RoomDaoDBTest" time="1.158"/>
  <testcase name="testGetAllRooms" classname="com.sg.jdbctcomplexexample.dao.RoomDaoDBTest" time="0.094"/>
  <testcase name="testUpdateRoom" classname="com.sg.jdbctcomplexexample.dao.RoomDaoDBTest" time="0.062"/>
  <testcase name="testDeleteRoomById" classname="com.sg.jdbctcomplexexample.dao.RoomDaoDBTest" time="0.047"/>
  <testcase name="testAddGetRoom" classname="com.sg.jdbctcomplexexample.dao.RoomDaoDBTest" time="0.016"/>
  <testcase name="testGetRoomById" classname="com.sg.jdbctcomplexexample.dao.RoomDaoDBTest" time="0.016"/>
</testsuite>